Determining if the pthread_create exist failed with the following output:
Change Dir: /home/janne/C/process_monitor/CMakeFiles/CMakeTmp

Run Build Command:"/usr/bin/make" "cmTC_e7186/fast"
/usr/bin/make -f CMakeFiles/cmTC_e7186.dir/build.make CMakeFiles/cmTC_e7186.dir/build
make[1]: Entering directory '/home/janne/C/process_monitor/CMakeFiles/CMakeTmp'
Building C object CMakeFiles/cmTC_e7186.dir/CheckSymbolExists.c.o
/usr/bin/cc    -o CMakeFiles/cmTC_e7186.dir/CheckSymbolExists.c.o   -c /home/janne/C/process_monitor/CMakeFiles/CMakeTmp/CheckSymbolExists.c
Linking C executable cmTC_e7186
/usr/bin/cmake -E cmake_link_script CMakeFiles/cmTC_e7186.dir/link.txt --verbose=1
/usr/bin/cc      CMakeFiles/cmTC_e7186.dir/CheckSymbolExists.c.o  -o cmTC_e7186 
CMakeFiles/cmTC_e7186.dir/CheckSymbolExists.c.o: In function `main':
CheckSymbolExists.c:(.text+0x1b): undefined reference to `pthread_create'
collect2: error: ld returned 1 exit status
CMakeFiles/cmTC_e7186.dir/build.make:97: recipe for target 'cmTC_e7186' failed
make[1]: *** [cmTC_e7186] Error 1
make[1]: Leaving directory '/home/janne/C/process_monitor/CMakeFiles/CMakeTmp'
Makefile:126: recipe for target 'cmTC_e7186/fast' failed
make: *** [cmTC_e7186/fast] Error 2

File /home/janne/C/process_monitor/CMakeFiles/CMakeTmp/CheckSymbolExists.c:
/* */
#include <pthread.h>

int main(int argc, char** argv)
{
  (void)argv;
#ifndef pthread_create
  return ((int*)(&pthread_create))[argc];
#else
  (void)argc;
  return 0;
#endif
}

Determining if the function pthread_create exists in the pthreads failed with the following output:
Change Dir: /home/janne/C/process_monitor/CMakeFiles/CMakeTmp

Run Build Command:"/usr/bin/make" "cmTC_cc3fb/fast"
/usr/bin/make -f CMakeFiles/cmTC_cc3fb.dir/build.make CMakeFiles/cmTC_cc3fb.dir/build
make[1]: Entering directory '/home/janne/C/process_monitor/CMakeFiles/CMakeTmp'
Building C object CMakeFiles/cmTC_cc3fb.dir/CheckFunctionExists.c.o
/usr/bin/cc   -DCHECK_FUNCTION_EXISTS=pthread_create   -o CMakeFiles/cmTC_cc3fb.dir/CheckFunctionExists.c.o   -c /usr/share/cmake-3.10/Modules/CheckFunctionExists.c
Linking C executable cmTC_cc3fb
/usr/bin/cmake -E cmake_link_script CMakeFiles/cmTC_cc3fb.dir/link.txt --verbose=1
/usr/bin/cc  -DCHECK_FUNCTION_EXISTS=pthread_create    CMakeFiles/cmTC_cc3fb.dir/CheckFunctionExists.c.o  -o cmTC_cc3fb -lpthreads 
/usr/bin/ld: cannot find -lpthreads
collect2: error: ld returned 1 exit status
CMakeFiles/cmTC_cc3fb.dir/build.make:97: recipe for target 'cmTC_cc3fb' failed
make[1]: *** [cmTC_cc3fb] Error 1
make[1]: Leaving directory '/home/janne/C/process_monitor/CMakeFiles/CMakeTmp'
Makefile:126: recipe for target 'cmTC_cc3fb/fast' failed
make: *** [cmTC_cc3fb/fast] Error 2


