Determining if the pthread_create exist failed with the following output:
Change Dir: /home/janne/C/process_monitor/build/CMakeFiles/CMakeTmp

Run Build Command:"/usr/bin/make" "cmTC_d133d/fast"
/usr/bin/make -f CMakeFiles/cmTC_d133d.dir/build.make CMakeFiles/cmTC_d133d.dir/build
make[1]: Entering directory '/home/janne/C/process_monitor/build/CMakeFiles/CMakeTmp'
Building C object CMakeFiles/cmTC_d133d.dir/CheckSymbolExists.c.o
/usr/bin/x86_64-linux-gnu-gcc-7    -o CMakeFiles/cmTC_d133d.dir/CheckSymbolExists.c.o   -c /home/janne/C/process_monitor/build/CMakeFiles/CMakeTmp/CheckSymbolExists.c
Linking C executable cmTC_d133d
/usr/bin/cmake -E cmake_link_script CMakeFiles/cmTC_d133d.dir/link.txt --verbose=1
/usr/bin/x86_64-linux-gnu-gcc-7      CMakeFiles/cmTC_d133d.dir/CheckSymbolExists.c.o  -o cmTC_d133d 
CMakeFiles/cmTC_d133d.dir/CheckSymbolExists.c.o: In function `main':
CheckSymbolExists.c:(.text+0x1b): undefined reference to `pthread_create'
collect2: error: ld returned 1 exit status
CMakeFiles/cmTC_d133d.dir/build.make:97: recipe for target 'cmTC_d133d' failed
make[1]: *** [cmTC_d133d] Error 1
make[1]: Leaving directory '/home/janne/C/process_monitor/build/CMakeFiles/CMakeTmp'
Makefile:126: recipe for target 'cmTC_d133d/fast' failed
make: *** [cmTC_d133d/fast] Error 2

File /home/janne/C/process_monitor/build/CMakeFiles/CMakeTmp/CheckSymbolExists.c:
/* */
#include <pthread.h>

int main(int argc, char** argv)
{
  (void)argv;
#ifndef pthread_create
  return ((int*)(&pthread_create))[argc];
#else
  (void)argc;
  return 0;
#endif
}

Determining if the function pthread_create exists in the pthreads failed with the following output:
Change Dir: /home/janne/C/process_monitor/build/CMakeFiles/CMakeTmp

Run Build Command:"/usr/bin/make" "cmTC_8cc86/fast"
/usr/bin/make -f CMakeFiles/cmTC_8cc86.dir/build.make CMakeFiles/cmTC_8cc86.dir/build
make[1]: Entering directory '/home/janne/C/process_monitor/build/CMakeFiles/CMakeTmp'
Building C object CMakeFiles/cmTC_8cc86.dir/CheckFunctionExists.c.o
/usr/bin/x86_64-linux-gnu-gcc-7   -DCHECK_FUNCTION_EXISTS=pthread_create   -o CMakeFiles/cmTC_8cc86.dir/CheckFunctionExists.c.o   -c /usr/share/cmake-3.10/Modules/CheckFunctionExists.c
Linking C executable cmTC_8cc86
/usr/bin/cmake -E cmake_link_script CMakeFiles/cmTC_8cc86.dir/link.txt --verbose=1
/usr/bin/x86_64-linux-gnu-gcc-7  -DCHECK_FUNCTION_EXISTS=pthread_create    CMakeFiles/cmTC_8cc86.dir/CheckFunctionExists.c.o  -o cmTC_8cc86 -lpthreads 
/usr/bin/ld: cannot find -lpthreads
collect2: error: ld returned 1 exit status
CMakeFiles/cmTC_8cc86.dir/build.make:97: recipe for target 'cmTC_8cc86' failed
make[1]: *** [cmTC_8cc86] Error 1
make[1]: Leaving directory '/home/janne/C/process_monitor/build/CMakeFiles/CMakeTmp'
Makefile:126: recipe for target 'cmTC_8cc86/fast' failed
make: *** [cmTC_8cc86/fast] Error 2


